<?xml version="1.0" encoding="UTF-8"?>
<!-- Generated by org.testng.reporters.JUnitXMLReporter -->
<testsuite hostname="TK-MacBookPro16.T-mobile.com" ignored="0" name="Default test" tests="8" failures="0" timestamp="2022-07-10T02:26:05 EDT" time="48.726" errors="0">
  <testcase name="autoQuoteTest" time="1.903" classname="com.TestClass.TestClass"/>
  <testcase name="autoQuoteTest" time="1.846" classname="com.TestClass.TestClass"/>
  <testcase name="autoQuoteTest" time="1.996" classname="com.TestClass.TestClass"/>
  <testcase name="autoQuoteTest" time="1.755" classname="com.TestClass.TestClass"/>
  <testcase name="autoQuoteTest" time="1.942" classname="com.TestClass.TestClass"/>
  <testcase name="autoQuoteTest" time="1.516" classname="com.TestClass.TestClass"/>
  <testcase name="autoQuoteTest" time="1.861" classname="com.TestClass.TestClass"/>
  <testcase name="autoQuoteTest" time="1.924" classname="com.TestClass.TestClass"/>
</testsuite> <!-- Default test -->
