<?xml version="1.0" encoding="UTF-8"?>
<!-- Generated by org.testng.reporters.JUnitXMLReporter -->
<testsuite hostname="TK-MacBookPro16.T-mobile.com" ignored="0" name="FrameTest" tests="7" failures="0" timestamp="2022-07-10T01:45:10 EDT" time="5.608" errors="0">
  <testcase name="@BeforeMethod setUp" time="4.972" classname="com.BaseClass.BaseClass">
    <failure type="java.lang.NullPointerException">
      <![CDATA[java.lang.NullPointerException
at com.BaseClass.BaseClass.setUp(BaseClass.java:66)
at java.util.ArrayList.forEach(ArrayList.java:1259)
... Removed 31 stack frames]]>
    </failure>
  </testcase> <!-- @BeforeMethod setUp -->
  <testcase name="@AfterMethod quttingBrowser" time="0.0" classname="com.BaseClass.BaseClass">
    <skipped/>
  </testcase> <!-- @AfterMethod quttingBrowser -->
  <testcase name="@BeforeMethod setUp" time="0.0" classname="com.BaseClass.BaseClass">
    <skipped/>
  </testcase> <!-- @BeforeMethod setUp -->
  <testcase name="@AfterMethod quttingBrowser" time="0.0" classname="com.BaseClass.BaseClass">
    <skipped/>
  </testcase> <!-- @AfterMethod quttingBrowser -->
  <testcase name="@BeforeMethod setUp" time="0.0" classname="com.BaseClass.BaseClass">
    <skipped/>
  </testcase> <!-- @BeforeMethod setUp -->
  <testcase name="@AfterMethod quttingBrowser" time="0.0" classname="com.BaseClass.BaseClass">
    <skipped/>
  </testcase> <!-- @AfterMethod quttingBrowser -->
  <testcase name="@BeforeMethod setUp" time="0.0" classname="com.BaseClass.BaseClass">
    <skipped/>
  </testcase> <!-- @BeforeMethod setUp -->
  <testcase name="@AfterMethod quttingBrowser" time="0.0" classname="com.BaseClass.BaseClass">
    <skipped/>
  </testcase> <!-- @AfterMethod quttingBrowser -->
  <testcase name="@BeforeMethod setUp" time="0.0" classname="com.BaseClass.BaseClass">
    <skipped/>
  </testcase> <!-- @BeforeMethod setUp -->
  <testcase name="@AfterMethod quttingBrowser" time="0.0" classname="com.BaseClass.BaseClass">
    <skipped/>
  </testcase> <!-- @AfterMethod quttingBrowser -->
  <testcase name="@BeforeMethod setUp" time="0.0" classname="com.BaseClass.BaseClass">
    <skipped/>
  </testcase> <!-- @BeforeMethod setUp -->
  <testcase name="@AfterMethod quttingBrowser" time="0.0" classname="com.BaseClass.BaseClass">
    <skipped/>
  </testcase> <!-- @AfterMethod quttingBrowser -->
  <testcase name="@BeforeMethod setUp" time="0.0" classname="com.BaseClass.BaseClass">
    <skipped/>
  </testcase> <!-- @BeforeMethod setUp -->
  <testcase name="@AfterMethod quttingBrowser" time="0.0" classname="com.BaseClass.BaseClass">
    <skipped/>
  </testcase> <!-- @AfterMethod quttingBrowser -->
  <testcase name="autoQuoteTest" time="0.0" classname="com.TestClass.TestClass">
    <skipped/>
  </testcase> <!-- autoQuoteTest -->
  <testcase name="autoQuoteTest" time="0.0" classname="com.TestClass.TestClass">
    <skipped/>
  </testcase> <!-- autoQuoteTest -->
  <testcase name="autoQuoteTest" time="0.0" classname="com.TestClass.TestClass">
    <skipped/>
  </testcase> <!-- autoQuoteTest -->
  <testcase name="autoQuoteTest" time="0.0" classname="com.TestClass.TestClass">
    <skipped/>
  </testcase> <!-- autoQuoteTest -->
  <testcase name="autoQuoteTest" time="0.0" classname="com.TestClass.TestClass">
    <skipped/>
  </testcase> <!-- autoQuoteTest -->
  <testcase name="autoQuoteTest" time="0.0" classname="com.TestClass.TestClass">
    <skipped/>
  </testcase> <!-- autoQuoteTest -->
  <testcase name="autoQuoteTest" time="0.0" classname="com.TestClass.TestClass">
    <skipped/>
  </testcase> <!-- autoQuoteTest -->
</testsuite> <!-- FrameTest -->
